make all --print-data-base --no-builtin-variables --no-builtin-rules --question
make: *** No rule to make target 'all'.  Stop.

# GNU Make 4.3
# Built for x86_64-pc-linux-gnu
# Copyright (C) 1988-2020 Free Software Foundation, Inc.
# License GPLv3+: GNU GPL version 3 or later <http://gnu.org/licenses/gpl.html>
# This is free software: you are free to change and redistribute it.
# There is NO WARRANTY, to the extent permitted by law.

# Make data base, printed on Thu Mar 27 09:38:11 2025

# Variables

# environment
LC_ALL = C
# environment
PULSE_SERVER = unix:/mnt/wslg/PulseServer
# environment
WSLENV = VSCODE_WSL_EXT_LOCATION/up
# environment
VSCODE_CWD = /mnt/e/software/Microsoft VS Code
# default
MAKE_COMMAND := make
# environment
VSCODE_HANDLES_SIGPIPE = true
# automatic
@D = $(patsubst %/,%,$(dir $@))
# environment
VSCODE_HANDLES_UNCAUGHT_ERRORS = true
# default
.VARIABLES := 
# environment
PWD = /home/yuanhao/stm32_projects/STM32H750XBH6/deploy-ssd
# automatic
%D = $(patsubst %/,%,$(dir $%))
# environment
XDG_DATA_DIRS = /usr/local/share:/usr/share:/var/lib/snapd/desktop
# automatic
^D = $(patsubst %/,%,$(dir $^))
# automatic
%F = $(notdir $%)
# environment
LANG = C
# default
.LOADED := 
# default
.INCLUDE_DIRS = /usr/local/include /usr/include /usr/include
# makefile
MAKEFLAGS = pqrR
# makefile
CURDIR := /home/yuanhao/stm32_projects/STM32H750XBH6/deploy-ssd
# environment
APPLICATION_INSIGHTS_NO_DIAGNOSTIC_CHANNEL = true
# automatic
*D = $(patsubst %/,%,$(dir $*))
# environment
MFLAGS = -pqrR
# default
.SHELLFLAGS := -c
# environment
WSL2_GUI_APPS_ENABLED = 1
# environment
WAYLAND_DISPLAY = wayland-0
# automatic
+D = $(patsubst %/,%,$(dir $+))
# makefile
MAKEFILE_LIST := 
# automatic
@F = $(notdir $@)
# automatic
?D = $(patsubst %/,%,$(dir $?))
# automatic
*F = $(notdir $*)
# environment
FORCE_UNSAFE_CONFIGURE = 1
# environment
DBUS_SESSION_BUS_ADDRESS = unix:path=/run/user/1000/bus
# automatic
<D = $(patsubst %/,%,$(dir $<))
# environment
VSCODE_NLS_CONFIG = {"userLocale":"zh-cn","osLocale":"zh-cn","resolvedLanguage":"zh-cn","defaultMessagesFile":"/home/yuanhao/.vscode-server/bin/ddc367ed5c8936efe395cffeec279b04ffd7db78/out/nls.messages.json","languagePack":{"translationsConfigFile":"/home/yuanhao/.vscode-server/data/clp/173f138c03d8ef116777fec0e3290eda.zh-cn/tcf.json","messagesFile":"/home/yuanhao/.vscode-server/data/clp/173f138c03d8ef116777fec0e3290eda.zh-cn/ddc367ed5c8936efe395cffeec279b04ffd7db78/nls.messages.json","corruptMarkerFile":"/home/yuanhao/.vscode-server/data/clp/173f138c03d8ef116777fec0e3290eda.zh-cn/corrupted.info"},"locale":"zh-cn","availableLanguages":{"*":"zh-cn"},"_languagePackId":"173f138c03d8ef116777fec0e3290eda.zh-cn","_languagePackSupport":true,"_translationsConfigFile":"/home/yuanhao/.vscode-server/data/clp/173f138c03d8ef116777fec0e3290eda.zh-cn/tcf.json","_cacheRoot":"/home/yuanhao/.vscode-server/data/clp/173f138c03d8ef116777fec0e3290eda.zh-cn","_resolvedLanguagePackCoreLocation":"/home/yuanhao/.vscode-server/data/clp/173f138c03d8ef116777fec0e3290eda.zh-cn/ddc367ed5c8936efe395cffeec279b04ffd7db78","_corruptedFile":"/home/yuanhao/.vscode-server/data/clp/173f138c03d8ef116777fec0e3290eda.zh-cn/corrupted.info"}
# default
MAKE_HOST := x86_64-pc-linux-gnu
# makefile
SHELL = /bin/sh
# default
MAKECMDGOALS := all
# environment
SHLVL = 0
# environment
MAKELEVEL := 0
# default
MAKE = $(MAKE_COMMAND)
# environment
PATH = /home/yuanhao/.vscode-server/bin/ddc367ed5c8936efe395cffeec279b04ffd7db78/bin/remote-cli:/home/yuanhao/linux/luckfox-pico/tools/linux/toolchain/arm-rockchip830-linux-uclibcgnueabihf/bin:/usr/local/sbin:/usr/local/bin:/usr/sbin:/usr/bin:/sbin:/bin:/usr/games:/usr/local/games:/usr/lib/wsl/lib:/mnt/c/WINDOWS/system32:/mnt/c/WINDOWS:/mnt/c/WINDOWS/System32/Wbem:/mnt/c/WINDOWS/System32/WindowsPowerShell/v1.0/:/mnt/c/WINDOWS/System32/OpenSSH/:/mnt/c/Program Files/NVIDIA Corporation/NVIDIA App/NvDLISR:/mnt/c/Program Files (x86)/NVIDIA Corporation/PhysX/Common:/mnt/e/software/Git/cmd:/mnt/c/Program Files/dotnet/:/mnt/c/Program Files/Bandizip/:/mnt/c/Program Files/usbipd-win/:/mnt/c/Users/20541/AppData/Local/Microsoft/WindowsApps:/mnt/e/software/Microsoft VS Code/bin:/snap/bin:/usr/local/arm/gcc-linaro-4.9.4-2017.01-x86_64_arm-linux-gnueabihf/bin
# default
MAKEFILES := 
# environment
MOTD_SHOWN = update-motd
# automatic
^F = $(notdir $^)
# automatic
?F = $(notdir $?)
# environment
NAME = PC-YUANHAO
# environment
HOSTTYPE = x86_64
# automatic
+F = $(notdir $+)
# environment
WSL_INTEROP = /run/WSL/669_interop
# 'override' directive
GNUMAKEFLAGS := 
# environment
LOGNAME = yuanhao
# environment
VSCODE_WSL_EXT_LOCATION = /mnt/c/Users/20541/.vscode/extensions/ms-vscode-remote.remote-wsl-0.88.5
# makefile
.DEFAULT_GOAL := 
# environment
DISPLAY = :0
# environment
USER = yuanhao
# default
MAKE_VERSION := 4.3
# environment
_ = /home/yuanhao/.vscode-server/bin/ddc367ed5c8936efe395cffeec279b04ffd7db78/node
# environment
XDG_RUNTIME_DIR = /run/user/1000/
# environment
VSCODE_IPC_HOOK_CLI = /run/user/1000/vscode-ipc-d12f480b-2392-4f97-a62c-452272028716.sock
# environment
HOME = /home/yuanhao
# environment
ELECTRON_RUN_AS_NODE = 1
# environment
TERM = xterm-256color
# default
.RECIPEPREFIX := 
# automatic
<F = $(notdir $<)
# default
SUFFIXES := 
# environment
WSL_DISTRO_NAME = Ubuntu-22.04
# default
.FEATURES := target-specific order-only second-expansion else-if shortest-stem undefine oneshell nocomment grouped-target extra-prereqs archives jobserver output-sync check-symlink load
# environment
VSCODE_ESM_ENTRYPOINT = vs/workbench/api/node/extensionHostProcess
# variable set hash-table stats:
# Load=68/1024=7%, Rehash=0, Collisions=1/95=1%

# Pattern-specific Variable Values

# No pattern-specific variable values.

# Directories

# . (device 2080, inode 8629): 18 files, no impossibilities.

# 18 files, no impossibilities in 1 directories.

# Implicit Rules

# No implicit rules.

# Files

# Not a target:
Makefile:
#  Implicit rule search has been done.
#  File does not exist.
#  File has been updated.
#  Failed to be updated.

# Not a target:
.DEFAULT:
#  Implicit rule search has not been done.
#  Modification time never checked.
#  File has not been updated.

# Not a target:
all:
#  Command line target.
#  Implicit rule search has been done.
#  File does not exist.
#  File has not been updated.

# Not a target:
makefile:
#  Implicit rule search has been done.
#  File does not exist.
#  File has been updated.
#  Failed to be updated.

# Not a target:
GNUmakefile:
#  Implicit rule search has been done.
#  File does not exist.
#  File has been updated.
#  Failed to be updated.

# files hash-table stats:
# Load=6/1024=1%, Rehash=0, Collisions=0/15=0%
# VPATH Search Paths

# No 'vpath' search paths.

# No general ('VPATH' variable) search path.

# strcache buffers: 1 (0) / strings = 26 / storage = 318 B / avg = 12 B
# current buf: size = 8162 B / used = 318 B / count = 26 / avg = 12 B

# strcache performance: lookups = 29 / hit rate = 10%
# hash-table stats:
# Load=26/8192=0%, Rehash=0, Collisions=0/29=0%
# Finished Make data base on Thu Mar 27 09:38:11 2025

 
